<?xml version="1.0" encoding="UTF-8"?>
<testsuite name="it.unibo.buttonLedSytem.tests.TestBlsCustom" tests="1" skipped="0" failures="0" errors="0" timestamp="2017-11-23T14:25:15" hostname="anataliTHINK" time="9.227">
  <properties/>
  <testcase name="aTest" classname="it.unibo.buttonLedSytem.tests.TestBlsCustom" time="9.227"/>
  <system-out><![CDATA[	%%% Starting the http server ... 
	*** QActorHttpServer starts dirPath=./srcMore/it/unibo/ctxBlsCustom
	ACTIVATING it.unibo.qactors.QActorContext@72d186eb ctxblscustom ncores=4 port=8029 webDir=./srcMore/it/unibo/ctxBlsCustom testing=false
	%%% activateAkkaSystem in progress ...ctxblscustom
	%%% CtxServerAgent ctxblscustom_Server WORKING on  port 8029
	$$$ QActorUtils activateAkkaQActor-eventsevconvert | actorNum=0
	%%% SystemCreationActor numOfcontexts= 1 application actors=4
getLedState  ledState=null
getLedState  ledState=failure
led still not set
getLedState  ledState=null
getLedState  ledState=failure
led still not set
getLedState  ledState=null
getLedState  ledState=failure
led still not set
getLedState  ledState=null
getLedState  ledState=failure
led still not set
getLedState  ledState=null
getLedState  ledState=failure
led still not set
initButtonGui click
getLedState  ledState=null
getLedState  ledState=failure
led still not set
getLedState  ledState=null
getLedState  ledState=failure
led still not set
getLedState  ledState=null
CustomBlsGui init done for button
getLedState  ledState=failure
led still not set
"BUTTON WAITS"
CustomBlsGui init done for led
CustomBlsGui setLedGui state=false
getLedState  ledState=null
getLedState  ledState=failure
led still not set
createCustomLedObject state= false
CustomBlsGui setLedGui state=true
CustomBlsGui setLedGui state=false
"LED WAITS"
getLedState  ledState=null
getLedState  ledState=false
====== setUp  led=it.unibo.qaledcustom.Qaledcustom@128c027d
====== aTest ===============
getLedState  ledState=null
getLedState  ledState=false
			||| btn WILL EMIT event:local_click after 100
"BUTTON WAITS"
CustomBlsGui setLedGui state=true
"LED WAITS"
getLedState  ledState=false
getLedState  ledState=true
			||| btn WILL EMIT event:local_click after 100
"BUTTON WAITS"
CustomBlsGui setLedGui state=false
"LED WAITS"
getLedState  ledState=true
getLedState  ledState=false
			||| btn WILL EMIT event:local_click after 100
"BUTTON WAITS"
CustomBlsGui setLedGui state=true
"LED WAITS"
getLedState  ledState=false
getLedState  ledState=true
			||| btn WILL EMIT event:local_click after 100
"BUTTON WAITS"
CustomBlsGui setLedGui state=false
"LED WAITS"
getLedState  ledState=true
getLedState  ledState=false
====== terminate  it.unibo.qactors.QActorContext@72d186eb
]]></system-out>
  <system-err><![CDATA[]]></system-err>
</testsuite>
