<?xml version="1.0" encoding="UTF-8"?>
<testsuite name="it.unibo.buttonLedSystemHL.TestBlsNaiveControl" tests="4" skipped="0" failures="0" errors="0" timestamp="2017-11-12T18:02:15" hostname="anataliTHINK" time="0.0">
  <properties/>
  <testcase name="testLogicRep" classname="it.unibo.buttonLedSystemHL.TestBlsNaiveControl" time="0.0"/>
  <testcase name="testConcreteRep" classname="it.unibo.buttonLedSystemHL.TestBlsNaiveControl" time="0.0"/>
  <testcase name="testCreation" classname="it.unibo.buttonLedSystemHL.TestBlsNaiveControl" time="0.0"/>
  <testcase name="testWork" classname="it.unibo.buttonLedSystemHL.TestBlsNaiveControl" time="0.0"/>
  <system-out><![CDATA[device(led(led),GREEN,false)
DeviceButtonImpl getInput:0
device(led(led),GREEN,false)
devbutton(devBtn,pressed(false))
device(led(led),GREEN,false)
device(led(led),GREEN,false) sensor(button(bt),false)
DeviceButtonImpl it.unibo.buttonLed.components.ButtonMock execAction:true
DevButton update true
BLSControlNaive update input= true
device(led(led),GREEN,true)
device(led(led),GREEN,false)
device(led(led),GREEN,false)
DeviceButtonImpl it.unibo.buttonLed.components.ButtonMock execAction:true
DevButton update true
BLSControlNaive update input= true
device(led(led),GREEN,true)
DeviceButtonImpl it.unibo.buttonLed.components.ButtonMock execAction:true
DevButton update true
BLSControlNaive update input= true
DeviceButtonImpl it.unibo.buttonLed.components.ButtonMock execAction:false
DevButton update false
BLSControlNaive update input= false
DeviceButtonImpl it.unibo.buttonLed.components.ButtonMock execAction:false
DevButton update false
BLSControlNaive update input= false
DeviceButtonImpl it.unibo.buttonLed.components.ButtonMock execAction:true
DevButton update true
BLSControlNaive update input= true
device(led(led),GREEN,false)
DeviceButtonImpl it.unibo.buttonLed.components.ButtonMock execAction:true
DevButton update true
BLSControlNaive update input= true
DeviceButtonImpl it.unibo.buttonLed.components.ButtonMock execAction:false
DevButton update false
BLSControlNaive update input= false
DeviceButtonImpl it.unibo.buttonLed.components.ButtonMock execAction:true
DevButton update true
BLSControlNaive update input= true
device(led(led),GREEN,true)
]]></system-out>
  <system-err><![CDATA[]]></system-err>
</testsuite>
