<?xml version="1.0" encoding="UTF-8"?>
<testsuite name="it.unibo.buttonLedSystemHL.TestLedMock" tests="5" skipped="0" failures="0" errors="0" timestamp="2017-11-12T18:02:15" hostname="anataliTHINK" time="0.015">
  <properties/>
  <testcase name="testTurnOff" classname="it.unibo.buttonLedSystemHL.TestLedMock" time="0.0"/>
  <testcase name="testRep" classname="it.unibo.buttonLedSystemHL.TestLedMock" time="0.015"/>
  <testcase name="testTurnOn" classname="it.unibo.buttonLedSystemHL.TestLedMock" time="0.0"/>
  <testcase name="testSwitch" classname="it.unibo.buttonLedSystemHL.TestLedMock" time="0.0"/>
  <testcase name="testCreation" classname="it.unibo.buttonLedSystemHL.TestLedMock" time="0.0"/>
  <system-out><![CDATA[ *** setUp 
device(led(led),GREEN,false)
	testTurnOff ... 
device(led(led),GREEN,false)
 *** tearDown 
 *** setUp 
device(led(led),GREEN,false)
	testrep ... 
rep=device(led(led),GREEN,false) repExpected=device(led(led),GREEN,false)
 *** tearDown 
 *** setUp 
device(led(led),GREEN,false)
	testTurnOn ... 
device(led(led),GREEN,true)
 *** tearDown 
 *** setUp 
device(led(led),GREEN,false)
	testSwitch ... 
device(led(led),GREEN,true)
device(led(led),GREEN,false)
 *** tearDown 
 *** setUp 
device(led(led),GREEN,false)
	testCreation ... 
 *** tearDown 
]]></system-out>
  <system-err><![CDATA[]]></system-err>
</testsuite>
