<?xml version="1.0" encoding="UTF-8"?>
<testsuite name="it.unibo.buttonLedSystemHL.TestButtonMock" tests="7" skipped="0" failures="0" errors="0" timestamp="2017-11-12T18:02:15" hostname="anataliTHINK" time="0.0">
  <properties/>
  <testcase name="testPress" classname="it.unibo.buttonLedSystemHL.TestButtonMock" time="0.0"/>
  <testcase name="testPolling" classname="it.unibo.buttonLedSystemHL.TestButtonMock" time="0.0"/>
  <testcase name="testUpdate" classname="it.unibo.buttonLedSystemHL.TestButtonMock" time="0.0"/>
  <testcase name="testRelease" classname="it.unibo.buttonLedSystemHL.TestButtonMock" time="0.0"/>
  <testcase name="testObserver" classname="it.unibo.buttonLedSystemHL.TestButtonMock" time="0.0"/>
  <testcase name="testCreation" classname="it.unibo.buttonLedSystemHL.TestButtonMock" time="0.0"/>
  <testcase name="testName" classname="it.unibo.buttonLedSystemHL.TestButtonMock" time="0.0"/>
  <system-out><![CDATA[DeviceButtonImpl it.unibo.buttonLed.components.ButtonMock execAction:true
DeviceButtonImpl getInput:1
DeviceButtonImpl it.unibo.buttonLed.components.ButtonMock execAction:true
DeviceButtonImpl getInput:1
DeviceButtonImpl it.unibo.buttonLed.components.ButtonMock execAction:true
DeviceButtonImpl getInput:1
DeviceButtonImpl it.unibo.buttonLed.components.ButtonMock execAction:true
DeviceButtonImpl getInput:1
DeviceButtonImpl it.unibo.buttonLed.components.ButtonMock execAction:false
DeviceButtonImpl getInput:0
DeviceButtonImpl it.unibo.buttonLed.components.ButtonMock execAction:true
DeviceButtonImpl getInput:1
DeviceButtonImpl it.unibo.buttonLed.components.ButtonMock execAction:false
DeviceButtonImpl getInput:0
DeviceButtonImpl it.unibo.buttonLed.components.ButtonMock execAction:true
ButtonObserverNaive update true
DeviceButtonImpl it.unibo.buttonLed.components.ButtonMock execAction:false
ButtonObserverNaive update false
]]></system-out>
  <system-err><![CDATA[]]></system-err>
</testsuite>
