<?xml version="1.0" encoding="UTF-8"?>
<testsuite name="it.unibo.qa.TestBlsQa" tests="1" skipped="0" failures="0" errors="0" timestamp="2017-11-12T18:02:15" hostname="anataliTHINK" time="8.762">
  <properties/>
  <testcase name="aTest" classname="it.unibo.qa.TestBlsQa" time="8.762"/>
  <system-out><![CDATA[	%%% SystemCreationActor numOfcontexts= 1 application actors=6
*** addPanel 0
*** addPanel 1
led still not set
led still not set
led still not set
====== setUp  led=it.unibo.qaled.Qaled@ac3b199
====== aTest ===============
			||| btn WILL EMIT event:local_click after 200
====== aTest 1 ledState=true true
			||| btn WILL EMIT event:local_click after 200
====== aTest 2 ledState=true true
			||| btn WILL EMIT event:local_click after 200
====== aTest 1 ledState=true true
			||| btn WILL EMIT event:local_click after 200
====== aTest 2 ledState=true true
	%%%  SystemCreationActor terminates1:ledtester_ctrl  1/6
	%%%  SystemCreationActor terminates1:ledtester  2/6
====== terminate  it.unibo.qactors.QActorContext@1997cd49
]]></system-out>
  <system-err><![CDATA[]]></system-err>
</testsuite>
